<?xml version="1.0" encoding="UTF-8"?>
<!-- Generated by org.testng.reporters.JUnitReportReporter -->
<testsuite skipped="0" hostname="PC" name="sample.CreateProductTest" tests="2" failures="0" timestamp="2021-07-26T10:32:16 IST" time="0.047" errors="0">
  <testcase name="CreateProductWithNameIDTest" time="0.033" classname="sample.CreateProductTest"/>
  <system-out/>
  <testcase name="CreateProductWithNameTest" time="0.014" classname="sample.CreateProductTest"/>
  <system-out/>
</testsuite> <!-- sample.CreateProductTest -->
