<?xml version="1.0" encoding="UTF-8"?>
<!-- Generated by org.testng.reporters.JUnitReportReporter -->
<testsuite skipped="0" hostname="PC" name="test.Lenskart" tests="1" failures="0" timestamp="2021-07-06T16:44:20 IST" time="231.951" errors="0">
  <testcase name="lenskart" time="231.951" classname="test.Lenskart"/>
  <system-out/>
</testsuite> <!-- test.Lenskart -->
