<?xml version="1.0" encoding="UTF-8"?>
<!-- Generated by org.testng.reporters.JUnitReportReporter -->
<testsuite skipped="0" hostname="PC" name="sample.SearchProductTest" tests="2" failures="0" timestamp="2021-07-26T10:32:16 IST" time="0.048" errors="0">
  <testcase name="SearchProductWithIDTest" time="0.033" classname="sample.SearchProductTest"/>
  <system-out/>
  <testcase name="SearchProductWithNameTest" time="0.015" classname="sample.SearchProductTest"/>
  <system-out/>
</testsuite> <!-- sample.SearchProductTest -->
