<?xml version="1.0" encoding="UTF-8"?>
<!-- Generated by org.testng.reporters.JUnitReportReporter -->
<testsuite skipped="0" hostname="PC" name="test.Repository" tests="1" failures="0" timestamp="2021-07-01T18:28:49 IST" time="38.958" errors="0">
  <testcase name="repoTest" time="38.958" classname="test.Repository"/>
  <system-out/>
</testsuite> <!-- test.Repository -->
