<?xml version="1.0" encoding="UTF-8"?>
<!-- Generated by org.testng.reporters.JUnitXMLReporter -->
<testsuite hostname="PC" ignored="0" tests="0" failures="0" timestamp="2021-07-29T11:24:47 IST" time="0.281" errors="0">
</testsuite>
